<?xml version="1.0" encoding="UTF-8"?>
<!-- Generated by org.testng.reporters.JUnitXMLReporter -->
<testsuite ignored="0" hostname="LAPTOP-LLRANQ98" failures="1" tests="33" name="LearnTest" time="17.795" errors="0" timestamp="2023-03-25T13:44:01 IST">
  <testcase classname="com.trello.qspiders.learntesting.WhatIfMultipleTestAnnotationsINTheClass" name="appleTest" time="0.013"/>
  <testcase classname="com.trello.qspiders.learntesting.WhatIfMultipleTestAnnotationsINTheClass" name="bananaTest" time="0.003"/>
  <testcase classname="com.trello.qspiders.learntesting.WhatIfMultipleTestAnnotationsINTheClass" name="grapesTest" time="0.003"/>
  <testcase classname="com.trello.qspiders.learntesting.WhatIfMultipleTestAnnotationsINTheClass" name="mangoTest" time="0.002"/>
  <testcase classname="com.trello.qspiders.learntesting.WhatIfMultipleTestAnnotationsINTheClass" name="orrengeTest" time="0.002"/>
  <testcase classname="com.trello.qspiders.learntesting.DataDrivenTestingByClass" name="supplyDataToMe" time="0.0">
    <failure type="org.testng.TestNGException" message="
Method public void com.trello.qspiders.learntesting.DataDrivenTestingByClass.supplyDataToMe(java.lang.String,java.lang.String,java.lang.String,java.lang.String) requires a @DataProvider named : dataStorageInDiffClass in class org.testng.annotations.DataProvider">
      <![CDATA[org.testng.TestNGException: 
at java.base/java.util.ArrayList.forEach(ArrayList.java:1511)
... Removed 25 stack frames]]>
    </failure>
  </testcase> <!-- supplyDataToMe -->
  <testcase classname="com.trello.qspiders.learntesting.ExecuteSameTestcaseMultipleTimes" name="SeleniumConceptTest" time="0.002"/>
  <testcase classname="com.trello.qspiders.learntesting.ExecuteSameTestcaseMultipleTimes" name="SeleniumConceptTest" time="0.001"/>
  <testcase classname="com.trello.qspiders.learntesting.ExecuteSameTestcaseMultipleTimes" name="HTML" time="0.002"/>
  <testcase classname="com.trello.qspiders.learntesting.ExecuteSameTestcaseMultipleTimes" name="CSSTest" time="0.002"/>
  <testcase classname="com.trello.qspiders.learntesting.ExecuteSameTestcaseMultipleTimes" name="JSON" time="0.003"/>
  <testcase classname="com.trello.qspiders.learntesting.ExecuteSameTestcaseMultipleTimes" name="JavaScriptTest" time="0.001"/>
  <testcase classname="com.trello.qspiders.learntesting.ExecuteSameTestcaseMultipleTimes" name="JavaScriptTest" time="0.001"/>
  <testcase classname="com.trello.qspiders.learntesting.ExecuteSameTestcaseMultipleTimes" name="JavaScriptTest" time="0.001"/>
  <testcase classname="com.trello.qspiders.learntesting.ExecuteSameTestcaseMultipleTimes" name="JQuery" time="0.002"/>
  <testcase classname="com.trello.qspiders.learntesting.UserDefinedOrder" name="QspiderTest" time="0.001"/>
  <testcase classname="com.trello.qspiders.learntesting.UserDefinedOrder" name="SeleniumTest" time="0.002"/>
  <testcase classname="com.trello.qspiders.learntesting.UserDefinedOrder" name="SQLTest" time="0.002"/>
  <testcase classname="com.trello.qspiders.learntesting.UserDefinedOrder" name="ManualTest" time="0.001"/>
  <testcase classname="com.trello.qspiders.learntesting.UserDefinedOrder" name="JavaTest" time="0.001"/>
  <testcase classname="com.trello.qspiders.learntesting.UserDefinedOrder" name="APITest" time="0.002"/>
  <testcase classname="com.trello.qspiders.learntesting.UserDefinedOrder" name="ProjectTest" time="0.002"/>
  <testcase classname="com.trello.qspiders.learntesting.DisableTestCaseFromExecution" name="StrategiesOfLocatorsTest" time="0.002"/>
  <testcase classname="com.trello.qspiders.learntesting.DisableTestCaseFromExecution" name="StrategiesOfLocatorsTest" time="0.001"/>
  <testcase classname="com.trello.qspiders.learntesting.DisableTestCaseFromExecution" name="IdTest" time="0.001"/>
  <testcase classname="com.trello.qspiders.learntesting.DisableTestCaseFromExecution" name="ClassNameTest" time="0.001"/>
  <testcase classname="com.trello.qspiders.learntesting.DisableTestCaseFromExecution" name="linktextTest" time="0.002"/>
  <testcase classname="com.trello.qspiders.learntesting.DisableTestCaseFromExecution" name="partiallLinkTest" time="0.002"/>
  <testcase classname="com.trello.qspiders.learntesting.DisableTestCaseFromExecution" name="tagNameTest" time="0.002"/>
  <testcase classname="com.trello.qspiders.learntesting.DisableTestCaseFromExecution" name="CSSselectorTest" time="0.001"/>
  <testcase classname="com.trello.qspiders.learntesting.DisableTestCaseFromExecution" name="XpathTest" time="0.001"/>
  <testcase classname="com.trello.qspiders.learntesting.DisableTestCaseFromExecution" name="nameTest" time="0.002"/>
  <testcase classname="com.trello.qspiders.learntesting.UsageOfBeforeAndAfterMethod" name="testcase" time="5.17"/>
</testsuite> <!-- LearnTest -->
