<?xml version="1.0" encoding="UTF-8"?>
<!-- Generated by org.testng.reporters.JUnitXMLReporter -->
<testsuite ignored="0" hostname="LAPTOP-LLRANQ98" failures="0" tests="4" name="Smoketesting" time="0.069" errors="0" timestamp="2023-03-25T14:54:11 IST">
  <testcase classname="com.trello.qspiders.learntesting.DataDrivenTestingByClass" name="supplyDataToMe" time="0.014"/>
  <testcase classname="com.trello.qspiders.learntesting.DataDrivenTestingByClass" name="supplyDataToMe" time="0.001"/>
  <testcase classname="com.trello.qspiders.learntesting.DataDrivenTestingByClass" name="supplyDataToMe" time="0.003"/>
  <testcase classname="com.trello.qspiders.learntesting.DataDrivenTestingByClass" name="supplyDataToMe" time="0.003"/>
</testsuite> <!-- Smoketesting -->
