<?xml version="1.0" encoding="UTF-8"?>
<testng-results ignored="0" total="1" passed="1" failed="0" skipped="0">
  <reporter-output>
    <line>
      <![CDATA[hi]]>
    </line>
  </reporter-output>
  <suite started-at="2023-07-26T16:10:41 IST" name="Default suite" finished-at="2023-07-26T16:10:41 IST" duration-ms="54">
    <groups>
    </groups>
    <test started-at="2023-07-26T16:10:41 IST" name="Default test" finished-at="2023-07-26T16:10:41 IST" duration-ms="54">
      <class name="practise.P2">
        <test-method signature="test()[pri:0, instance:practise.P2@69b2f8e5]" started-at="2023-07-26T16:10:41 IST" name="test" finished-at="2023-07-26T16:10:41 IST" duration-ms="9" status="PASS">
          <reporter-output>
            <line>
              <![CDATA[hi]]>
            </line>
          </reporter-output>
        </test-method> <!-- test -->
      </class> <!-- practise.P2 -->
    </test> <!-- Default test -->
  </suite> <!-- Default suite -->
</testng-results>
