<?xml version="1.0" encoding="UTF-8"?>
<!-- Generated by org.testng.reporters.JUnitXMLReporter -->
<testsuite ignored="0" hostname="LAPTOP-LLRANQ98" failures="0" tests="19" name="AdocTesting" time="0.14" errors="0" timestamp="2023-03-25T13:26:12 IST">
  <testcase classname="com.trello.qspiders.learntesting.ExecuteSameTestcaseMultipleTimes" name="SeleniumConceptTest" time="0.016"/>
  <testcase classname="com.trello.qspiders.learntesting.ExecuteSameTestcaseMultipleTimes" name="SeleniumConceptTest" time="0.004"/>
  <testcase classname="com.trello.qspiders.learntesting.ExecuteSameTestcaseMultipleTimes" name="HTML" time="0.002"/>
  <testcase classname="com.trello.qspiders.learntesting.ExecuteSameTestcaseMultipleTimes" name="CSSTest" time="0.002"/>
  <testcase classname="com.trello.qspiders.learntesting.ExecuteSameTestcaseMultipleTimes" name="JSON" time="0.002"/>
  <testcase classname="com.trello.qspiders.learntesting.ExecuteSameTestcaseMultipleTimes" name="JavaScriptTest" time="0.002"/>
  <testcase classname="com.trello.qspiders.learntesting.ExecuteSameTestcaseMultipleTimes" name="JavaScriptTest" time="0.002"/>
  <testcase classname="com.trello.qspiders.learntesting.ExecuteSameTestcaseMultipleTimes" name="JavaScriptTest" time="0.002"/>
  <testcase classname="com.trello.qspiders.learntesting.ExecuteSameTestcaseMultipleTimes" name="JQuery" time="0.002"/>
  <testcase classname="com.trello.qspiders.learntesting.DisableTestCaseFromExecution" name="StrategiesOfLocatorsTest" time="0.001"/>
  <testcase classname="com.trello.qspiders.learntesting.DisableTestCaseFromExecution" name="StrategiesOfLocatorsTest" time="0.001"/>
  <testcase classname="com.trello.qspiders.learntesting.DisableTestCaseFromExecution" name="IdTest" time="0.001"/>
  <testcase classname="com.trello.qspiders.learntesting.DisableTestCaseFromExecution" name="ClassNameTest" time="0.001"/>
  <testcase classname="com.trello.qspiders.learntesting.DisableTestCaseFromExecution" name="linktextTest" time="0.002"/>
  <testcase classname="com.trello.qspiders.learntesting.DisableTestCaseFromExecution" name="partiallLinkTest" time="0.001"/>
  <testcase classname="com.trello.qspiders.learntesting.DisableTestCaseFromExecution" name="tagNameTest" time="0.001"/>
  <testcase classname="com.trello.qspiders.learntesting.DisableTestCaseFromExecution" name="CSSselectorTest" time="0.001"/>
  <testcase classname="com.trello.qspiders.learntesting.DisableTestCaseFromExecution" name="XpathTest" time="0.001"/>
  <testcase classname="com.trello.qspiders.learntesting.DisableTestCaseFromExecution" name="nameTest" time="0.002"/>
</testsuite> <!-- AdocTesting -->
