<?xml version="1.0" encoding="UTF-8"?>
<!-- Generated by org.testng.reporters.JUnitXMLReporter -->
<testsuite ignored="5" hostname="LAPTOP-LLRANQ98" failures="0" tests="4" name="learntesting" time="0.074" errors="0" timestamp="2023-03-25T14:17:07 IST">
  <testcase classname="com.trello.qspiders.learntesting.GroupSeleniumC" name="NameF" time="0.011"/>
  <testcase classname="com.trello.qspiders.learntesting.GroupSeleniumC" name="NameH" time="0.001"/>
  <testcase classname="com.trello.qspiders.learntesting.GroupSeleniumA" name="NameA" time="0.002"/>
  <testcase classname="com.trello.qspiders.learntesting.GroupSeleniumA" name="NameC" time="0.003"/>
  <testcase classname="com.trello.qspiders.learntesting.GroupSeleniumB" name="NameE" time="0.0">
    <ignored/>
  </testcase> <!-- NameE -->
  <testcase classname="com.trello.qspiders.learntesting.GroupSeleniumB" name="NameF" time="0.0">
    <ignored/>
  </testcase> <!-- NameF -->
  <testcase classname="com.trello.qspiders.learntesting.GroupSeleniumA" name="NameB" time="0.0">
    <ignored/>
  </testcase> <!-- NameB -->
  <testcase classname="com.trello.qspiders.learntesting.GroupSeleniumC" name="NameG" time="0.0">
    <ignored/>
  </testcase> <!-- NameG -->
  <testcase classname="com.trello.qspiders.learntesting.GroupSeleniumB" name="NameD" time="0.0">
    <ignored/>
  </testcase> <!-- NameD -->
</testsuite> <!-- learntesting -->
